# JRE version: Java(TM) SE Runtime Environment (8.0_131-b11) (build 1.8.0_131-b11)
# Java VM: Java HotSpot(TM) Client VM (25.131-b11 mixed mode windows-x86 )
Heap:
 def new generation   total 51136K, used 51130K [0x04a00000, 0x08170000, 0x09f50000)
  eden space 45504K, 100% used [0x04a00000, 0x07670000, 0x07670000)
  from space 5632K,  99% used [0x07bf0000, 0x0816e9e0, 0x08170000)
  to   space 5632K,  99% used [0x07670000, 0x07bef910, 0x07bf0000)
 tenured generation   total 123580K, used 123574K [0x09f50000, 0x11801000, 0x14a00000)
   the space 123580K,  99% used [0x09f50000, 0x117fda30, 0x117fdc00, 0x117ff000)
 Metaspace       used 35598K, capacity 36733K, committed 37120K, reserved 37248K
GC Heap History (10 events):
Event: 38.580 GC heap after
Heap after GC invocations=156 (full 13):
 def new generation   total 51136K, used 5630K [0x04a00000, 0x08170000, 0x09f50000)
  eden space 45504K,   0% used [0x04a00000, 0x04a00000, 0x07670000)
  from space 5632K,  99% used [0x07bf0000, 0x0816fb80, 0x08170000)
  to   space 5632K,   0% used [0x07670000, 0x07670000, 0x07bf0000)
 tenured generation   total 113508K, used 105085K [0x09f50000, 0x10e29000, 0x14a00000)
   the space 113508K,  92% used [0x09f50000, 0x105ef740, 0x105ef800, 0x10e29000)
 Metaspace       used 35598K, capacity 36733K, committed 37120K, reserved 37248K
}
Event: 38.599 GC heap before
{Heap before GC invocations=156 (full 13):
 def new generation   total 51136K, used 51134K [0x04a00000, 0x08170000, 0x09f50000)
  eden space 45504K, 100% used [0x04a00000, 0x07670000, 0x07670000)
  from space 5632K,  99% used [0x07bf0000, 0x0816fb80, 0x08170000)
  to   space 5632K,   0% used [0x07670000, 0x07670000, 0x07bf0000)
 tenured generation   total 113508K, used 105085K [0x09f50000, 0x10e29000, 0x14a00000)
   the space 113508K,  92% used [0x09f50000, 0x105ef740, 0x105ef800, 0x10e29000)
 Metaspace       used 35598K, capacity 36733K, committed 37120K, reserved 37248K
Event: 38.743 GC heap after
Heap after GC invocations=157 (full 14):
 def new generation   total 51136K, used 0K [0x04a00000, 0x08170000, 0x09f50000)
  eden space 45504K,   0% used [0x04a00000, 0x04a00000, 0x07670000)
  from space 5632K,   0% used [0x07670000, 0x07670000, 0x07bf0000)
  to   space 5632K,   0% used [0x07bf0000, 0x07bf0000, 0x08170000)
 tenured generation   total 120164K, used 77073K [0x09f50000, 0x114a9000, 0x14a00000)
   the space 120164K,  64% used [0x09f50000, 0x0ea947a8, 0x0ea94800, 0x114a9000)
 Metaspace       used 35598K, capacity 36733K, committed 37120K, reserved 37248K
}
Event: 38.761 GC heap before
{Heap before GC invocations=157 (full 14):
 def new generation   total 51136K, used 45504K [0x04a00000, 0x08170000, 0x09f50000)
  eden space 45504K, 100% used [0x04a00000, 0x07670000, 0x07670000)
  from space 5632K,   0% used [0x07670000, 0x07670000, 0x07bf0000)
  to   space 5632K,   0% used [0x07bf0000, 0x07bf0000, 0x08170000)
 tenured generation   total 120164K, used 77073K [0x09f50000, 0x114a9000, 0x14a00000)
   the space 120164K,  64% used [0x09f50000, 0x0ea947a8, 0x0ea94800, 0x114a9000)
 Metaspace       used 35598K, capacity 36733K, committed 37120K, reserved 37248K
Event: 38.770 GC heap after
Heap after GC invocations=158 (full 14):
 def new generation   total 51136K, used 5630K [0x04a00000, 0x08170000, 0x09f50000)
  eden space 45504K,   0% used [0x04a00000, 0x04a00000, 0x07670000)
  from space 5632K,  99% used [0x07bf0000, 0x0816fa78, 0x08170000)
  to   space 5632K,   0% used [0x07670000, 0x07670000, 0x07bf0000)
 tenured generation   total 120164K, used 86459K [0x09f50000, 0x114a9000, 0x14a00000)
   the space 120164K,  71% used [0x09f50000, 0x0f3bef28, 0x0f3bf000, 0x114a9000)
 Metaspace       used 35598K, capacity 36733K, committed 37120K, reserved 37248K
}
Event: 38.789 GC heap before
{Heap before GC invocations=158 (full 14):
 def new generation   total 51136K, used 51134K [0x04a00000, 0x08170000, 0x09f50000)
  eden space 45504K, 100% used [0x04a00000, 0x07670000, 0x07670000)
  from space 5632K,  99% used [0x07bf0000, 0x0816fa78, 0x08170000)
  to   space 5632K,   0% used [0x07670000, 0x07670000, 0x07bf0000)
 tenured generation   total 120164K, used 86459K [0x09f50000, 0x114a9000, 0x14a00000)
   the space 120164K,  71% used [0x09f50000, 0x0f3bef28, 0x0f3bf000, 0x114a9000)
 Metaspace       used 35598K, capacity 36733K, committed 37120K, reserved 37248K
Event: 38.800 GC heap after
Heap after GC invocations=159 (full 14):
 def new generation   total 51136K, used 5630K [0x04a00000, 0x08170000, 0x09f50000)
  eden space 45504K,   0% used [0x04a00000, 0x04a00000, 0x07670000)
  from space 5632K,  99% used [0x07670000, 0x07bef8e0, 0x07bf0000)
  to   space 5632K,   0% used [0x07bf0000, 0x07bf0000, 0x08170000)
 tenured generation   total 120164K, used 101326K [0x09f50000, 0x114a9000, 0x14a00000)
   the space 120164K,  84% used [0x09f50000, 0x102438a8, 0x10243a00, 0x114a9000)
 Metaspace       used 35598K, capacity 36733K, committed 37120K, reserved 37248K
}
Event: 38.817 GC heap before
{Heap before GC invocations=159 (full 14):
 def new generation   total 51136K, used 51134K [0x04a00000, 0x08170000, 0x09f50000)
  eden space 45504K, 100% used [0x04a00000, 0x07670000, 0x07670000)
  from space 5632K,  99% used [0x07670000, 0x07bef8e0, 0x07bf0000)
  to   space 5632K,   0% used [0x07bf0000, 0x07bf0000, 0x08170000)
 tenured generation   total 120164K, used 101326K [0x09f50000, 0x114a9000, 0x14a00000)
   the space 120164K,  84% used [0x09f50000, 0x102438a8, 0x10243a00, 0x114a9000)
 Metaspace       used 35598K, capacity 36733K, committed 37120K, reserved 37248K
Event: 38.828 GC heap after
Heap after GC invocations=160 (full 14):
 def new generation   total 51136K, used 5626K [0x04a00000, 0x08170000, 0x09f50000)
  eden space 45504K,   0% used [0x04a00000, 0x04a00000, 0x07670000)
  from space 5632K,  99% used [0x07bf0000, 0x0816e9e0, 0x08170000)
  to   space 5632K,   0% used [0x07670000, 0x07670000, 0x07bf0000)
 tenured generation   total 120164K, used 116266K [0x09f50000, 0x114a9000, 0x14a00000)
   the space 120164K,  96% used [0x09f50000, 0x110da9d8, 0x110daa00, 0x114a9000)
 Metaspace       used 35598K, capacity 36733K, committed 37120K, reserved 37248K
}
Event: 38.845 GC heap before
{Heap before GC invocations=160 (full 14):
 def new generation   total 51136K, used 51130K [0x04a00000, 0x08170000, 0x09f50000)
  eden space 45504K, 100% used [0x04a00000, 0x07670000, 0x07670000)
  from space 5632K,  99% used [0x07bf0000, 0x0816e9e0, 0x08170000)
  to   space 5632K,   0% used [0x07670000, 0x07670000, 0x07bf0000)
 tenured generation   total 120164K, used 116266K [0x09f50000, 0x114a9000, 0x14a00000)
   the space 120164K,  96% used [0x09f50000, 0x110da9d8, 0x110daa00, 0x114a9000)
 Metaspace       used 35598K, capacity 36733K, committed 37120K, reserved 37248K

