# JRE version: Java(TM) SE Runtime Environment (8.0_131-b11) (build 1.8.0_131-b11)
# Java VM: Java HotSpot(TM) Client VM (25.131-b11 mixed mode windows-x86 )
Heap:
 def new generation   total 7936K, used 5382K [0x04e00000, 0x05690000, 0x0a350000)
  eden space 7104K,  65% used [0x04e00000, 0x05292678, 0x054f0000)
  from space 832K,  84% used [0x054f0000, 0x0559f1f0, 0x055c0000)
  to   space 832K,   0% used [0x055c0000, 0x055c0000, 0x05690000)
 tenured generation   total 17480K, used 16952K [0x0a350000, 0x0b462000, 0x14e00000)
   the space 17480K,  96% used [0x0a350000, 0x0b3de2f8, 0x0b3de400, 0x0b462000)
 Metaspace       used 21578K, capacity 22488K, committed 22528K, reserved 22912K
GC Heap History (10 events):
Event: 12.584 GC heap before
{Heap before GC invocations=78 (full 2):
 def new generation   total 7872K, used 7547K [0x04e00000, 0x05680000, 0x0a350000)
  eden space 7040K, 100% used [0x04e00000, 0x054e0000, 0x054e0000)
  from space 832K,  61% used [0x055b0000, 0x0562ef48, 0x05680000)
  to   space 832K,   0% used [0x054e0000, 0x054e0000, 0x055b0000)
 tenured generation   total 17352K, used 16988K [0x0a350000, 0x0b442000, 0x14e00000)
   the space 17352K,  97% used [0x0a350000, 0x0b3e7280, 0x0b3e7400, 0x0b442000)
 Metaspace       used 20529K, capacity 21364K, committed 21504K, reserved 21888K
Event: 12.587 GC heap after
Heap after GC invocations=79 (full 2):
 def new generation   total 7872K, used 379K [0x04e00000, 0x05680000, 0x0a350000)
  eden space 7040K,   0% used [0x04e00000, 0x04e00000, 0x054e0000)
  from space 832K,  45% used [0x054e0000, 0x0553ef88, 0x055b0000)
  to   space 832K,   0% used [0x055b0000, 0x055b0000, 0x05680000)
 tenured generation   total 17352K, used 17170K [0x0a350000, 0x0b442000, 0x14e00000)
   the space 17352K,  98% used [0x0a350000, 0x0b414a80, 0x0b414c00, 0x0b442000)
 Metaspace       used 20529K, capacity 21364K, committed 21504K, reserved 21888K
}
Event: 12.647 GC heap before
{Heap before GC invocations=79 (full 2):
 def new generation   total 7872K, used 7419K [0x04e00000, 0x05680000, 0x0a350000)
  eden space 7040K, 100% used [0x04e00000, 0x054e0000, 0x054e0000)
  from space 832K,  45% used [0x054e0000, 0x0553ef88, 0x055b0000)
  to   space 832K,   0% used [0x055b0000, 0x055b0000, 0x05680000)
 tenured generation   total 17352K, used 17170K [0x0a350000, 0x0b442000, 0x14e00000)
   the space 17352K,  98% used [0x0a350000, 0x0b414a80, 0x0b414c00, 0x0b442000)
 Metaspace       used 20617K, capacity 21463K, committed 21504K, reserved 21888K
Event: 12.650 GC heap after
Heap after GC invocations=80 (full 2):
 def new generation   total 7872K, used 632K [0x04e00000, 0x05680000, 0x0a350000)
  eden space 7040K,   0% used [0x04e00000, 0x04e00000, 0x054e0000)
  from space 832K,  75% used [0x055b0000, 0x0564e060, 0x05680000)
  to   space 832K,   0% used [0x054e0000, 0x054e0000, 0x055b0000)
 tenured generation   total 17352K, used 17170K [0x0a350000, 0x0b442000, 0x14e00000)
   the space 17352K,  98% used [0x0a350000, 0x0b414a80, 0x0b414c00, 0x0b442000)
 Metaspace       used 20617K, capacity 21463K, committed 21504K, reserved 21888K
}
Event: 12.725 GC heap before
{Heap before GC invocations=80 (full 2):
 def new generation   total 7872K, used 7672K [0x04e00000, 0x05680000, 0x0a350000)
  eden space 7040K, 100% used [0x04e00000, 0x054e0000, 0x054e0000)
  from space 832K,  75% used [0x055b0000, 0x0564e060, 0x05680000)
  to   space 832K,   0% used [0x054e0000, 0x054e0000, 0x055b0000)
 tenured generation   total 17352K, used 17170K [0x0a350000, 0x0b442000, 0x14e00000)
   the space 17352K,  98% used [0x0a350000, 0x0b414a80, 0x0b414c00, 0x0b442000)
 Metaspace       used 20829K, capacity 21655K, committed 21760K, reserved 21888K
Event: 12.792 GC heap after
Heap after GC invocations=81 (full 3):
 def new generation   total 7936K, used 0K [0x04e00000, 0x05690000, 0x0a350000)
  eden space 7104K,   0% used [0x04e00000, 0x04e00000, 0x054f0000)
  from space 832K,   0% used [0x054f0000, 0x054f0000, 0x055c0000)
  to   space 832K,   0% used [0x055c0000, 0x055c0000, 0x05690000)
 tenured generation   total 17480K, used 16952K [0x0a350000, 0x0b462000, 0x14e00000)
   the space 17480K,  96% used [0x0a350000, 0x0b3de2f8, 0x0b3de400, 0x0b462000)
 Metaspace       used 20820K, capacity 21637K, committed 21760K, reserved 21888K
}
Event: 12.873 GC heap before
{Heap before GC invocations=81 (full 3):
 def new generation   total 7936K, used 7104K [0x04e00000, 0x05690000, 0x0a350000)
  eden space 7104K, 100% used [0x04e00000, 0x054f0000, 0x054f0000)
  from space 832K,   0% used [0x054f0000, 0x054f0000, 0x055c0000)
  to   space 832K,   0% used [0x055c0000, 0x055c0000, 0x05690000)
 tenured generation   total 17480K, used 16952K [0x0a350000, 0x0b462000, 0x14e00000)
   the space 17480K,  96% used [0x0a350000, 0x0b3de2f8, 0x0b3de400, 0x0b462000)
 Metaspace       used 21042K, capacity 21866K, committed 22016K, reserved 22912K
Event: 12.877 GC heap after
Heap after GC invocations=82 (full 3):
 def new generation   total 7936K, used 405K [0x04e00000, 0x05690000, 0x0a350000)
  eden space 7104K,   0% used [0x04e00000, 0x04e00000, 0x054f0000)
  from space 832K,  48% used [0x055c0000, 0x05625628, 0x05690000)
  to   space 832K,   0% used [0x054f0000, 0x054f0000, 0x055c0000)
 tenured generation   total 17480K, used 16952K [0x0a350000, 0x0b462000, 0x14e00000)
   the space 17480K,  96% used [0x0a350000, 0x0b3de2f8, 0x0b3de400, 0x0b462000)
 Metaspace       used 21042K, capacity 21866K, committed 22016K, reserved 22912K
}
Event: 12.970 GC heap before
{Heap before GC invocations=82 (full 3):
 def new generation   total 7936K, used 7509K [0x04e00000, 0x05690000, 0x0a350000)
  eden space 7104K, 100% used [0x04e00000, 0x054f0000, 0x054f0000)
  from space 832K,  48% used [0x055c0000, 0x05625628, 0x05690000)
  to   space 832K,   0% used [0x054f0000, 0x054f0000, 0x055c0000)
 tenured generation   total 17480K, used 16952K [0x0a350000, 0x0b462000, 0x14e00000)
   the space 17480K,  96% used [0x0a350000, 0x0b3de2f8, 0x0b3de400, 0x0b462000)
 Metaspace       used 21384K, capacity 22239K, committed 22272K, reserved 22912K
Event: 12.973 GC heap after
Heap after GC invocations=83 (full 3):
 def new generation   total 7936K, used 700K [0x04e00000, 0x05690000, 0x0a350000)
  eden space 7104K,   0% used [0x04e00000, 0x04e00000, 0x054f0000)
  from space 832K,  84% used [0x054f0000, 0x0559f1f0, 0x055c0000)
  to   space 832K,   0% used [0x055c0000, 0x055c0000, 0x05690000)
 tenured generation   total 17480K, used 16952K [0x0a350000, 0x0b462000, 0x14e00000)
   the space 17480K,  96% used [0x0a350000, 0x0b3de2f8, 0x0b3de400, 0x0b462000)
 Metaspace       used 21384K, capacity 22239K, committed 22272K, reserved 22912K
}

